<?xml version="1.0" encoding="UTF-8"?>
<testng-results skipped="0" failed="0" ignored="0" total="1" passed="1">
  <reporter-output>
    <line>
      <![CDATA[Create new Task]]>
    </line>
  </reporter-output>
  <suite name="Default suite" duration-ms="20623" started-at="2019-12-27T10:35:43 CET" finished-at="2019-12-27T10:36:04 CET">
    <groups>
    </groups>
    <test name="Default test" duration-ms="20623" started-at="2019-12-27T10:35:43 CET" finished-at="2019-12-27T10:36:04 CET">
      <class name="com.actitime.testscript.TestClass">
        <test-method status="PASS" signature="openBrowser()[pri:0, instance:com.actitime.testscript.TestClass@50b494a6]" name="openBrowser" is-config="true" duration-ms="10628" started-at="2019-12-27T10:35:43 CET" finished-at="2019-12-27T10:35:54 CET">
          <reporter-output>
          </reporter-output>
        </test-method> <!-- openBrowser -->
        <test-method status="PASS" signature="login()[pri:0, instance:com.actitime.testscript.TestClass@50b494a6]" name="login" is-config="true" duration-ms="5423" started-at="2019-12-27T10:35:54 CET" finished-at="2019-12-27T10:35:59 CET">
          <reporter-output>
          </reporter-output>
        </test-method> <!-- login -->
        <test-method status="PASS" signature="testCreateNewTask()[pri:0, instance:com.actitime.testscript.TestClass@50b494a6]" name="testCreateNewTask" duration-ms="32" started-at="2019-12-27T10:35:59 CET" finished-at="2019-12-27T10:35:59 CET">
          <reporter-output>
            <line>
              <![CDATA[Create new Task]]>
            </line>
          </reporter-output>
        </test-method> <!-- testCreateNewTask -->
        <test-method status="PASS" signature="logout()[pri:0, instance:com.actitime.testscript.TestClass@50b494a6]" name="logout" is-config="true" duration-ms="2" started-at="2019-12-27T10:36:00 CET" finished-at="2019-12-27T10:36:00 CET">
          <reporter-output>
          </reporter-output>
        </test-method> <!-- logout -->
        <test-method status="PASS" signature="closeBrowser()[pri:0, instance:com.actitime.testscript.TestClass@50b494a6]" name="closeBrowser" is-config="true" duration-ms="4411" started-at="2019-12-27T10:36:00 CET" finished-at="2019-12-27T10:36:04 CET">
          <reporter-output>
          </reporter-output>
        </test-method> <!-- closeBrowser -->
      </class> <!-- com.actitime.testscript.TestClass -->
    </test> <!-- Default test -->
  </suite> <!-- Default suite -->
</testng-results>
